
Showing logs for build [32mmeta-cb-kubecd-bdd-gh-156750922-zpvs6-1[0m stage [32mmeta-pipeline[0m and container [32mstep-credential-initializer-hzwnp[0m
{"level":"warn","ts":1567509472.3321724,"logger":"fallback-logger","caller":"logging/config.go:69","msg":"Fetch GitHub commit ID from kodata failed: \"ref: refs/heads/master\" is not a valid GitHub commit ID"}
{"level":"info","ts":1567509472.3326988,"logger":"fallback-logger","caller":"creds-init/main.go:40","msg":"Credentials initialized."}

Showing logs for build [32mmeta-cb-kubecd-bdd-gh-156750922-zpvs6-1[0m stage [32mmeta-pipeline[0m and container [32mstep-working-dir-initializer-4v2x4[0m
{"level":"warn","ts":1567509472.9654474,"logger":"fallback-logger","caller":"logging/config.go:69","msg":"Fetch GitHub commit ID from kodata failed: open /var/run/ko/HEAD: no such file or directory"}
{"level":"info","ts":1567509472.9671018,"logger":"fallback-logger","caller":"bash/main.go:65","msg":"Successfully executed command \"mkdir -p /workspace/source\""}

Showing logs for build [32mmeta-cb-kubecd-bdd-gh-156750922-zpvs6-1[0m stage [32mmeta-pipeline[0m and container [32mstep-place-tools[0m

Showing logs for build [32mmeta-cb-kubecd-bdd-gh-156750922-zpvs6-1[0m stage [32mmeta-pipeline[0m and container [32mstep-git-source-meta-cb-kubecd-bdd-gh-156750922-76ftn[0m
{"level":"warn","ts":1567509480.0375001,"logger":"fallback-logger","caller":"logging/config.go:69","msg":"Fetch GitHub commit ID from kodata failed: \"ref: refs/heads/master\" is not a valid GitHub commit ID"}
{"level":"info","ts":1567509480.660769,"logger":"fallback-logger","caller":"git/git.go:102","msg":"Successfully cloned https://github.com/cb-kubecd/bdd-gh-1567509221.git @ d0d6e56d0748095ac4fba9e4bb45d0a5f479b955 in path /workspace/source"}

Showing logs for build [32mmeta-cb-kubecd-bdd-gh-156750922-zpvs6-1[0m stage [32mmeta-pipeline[0m and container [32mstep-git-merge[0m
Using SHAs from PULL_REFS=master:d0d6e56d0748095ac4fba9e4bb45d0a5f479b955,1:a1fe6b8eb95dde891e860ce0d02bbc14c1219f28
DEBUG: ran git fetch --unshallow origin a1fe6b8eb95dde891e860ce0d02bbc14c1219f28: d0d6e56d0748095ac4fba9e4bb45d0a5f479b955: in 
DEBUG: ran git checkout master in 
DEBUG: ran git reset --hard d0d6e56d0748095ac4fba9e4bb45d0a5f479b955 in 
DEBUG: ran clean --force -d . in 
DEBUG: ran git merge a1fe6b8eb95dde891e860ce0d02bbc14c1219f28 in 
Merged SHA a1fe6b8eb95dde891e860ce0d02bbc14c1219f28 with commit message 'My first PR commit' into base branch master

Showing logs for build [32mmeta-cb-kubecd-bdd-gh-156750922-zpvs6-1[0m stage [32mmeta-pipeline[0m and container [32mstep-merge-pull-refs[0m
DEBUG: ran git fetch origin a1fe6b8eb95dde891e860ce0d02bbc14c1219f28: d0d6e56d0748095ac4fba9e4bb45d0a5f479b955: in 
DEBUG: Unshallowed git repo in 
DEBUG: ran git checkout master in 
DEBUG: ran git reset --hard d0d6e56d0748095ac4fba9e4bb45d0a5f479b955 in 
DEBUG: ran clean --force -d . in 
DEBUG: ran git merge a1fe6b8eb95dde891e860ce0d02bbc14c1219f28 in 
Merged SHA a1fe6b8eb95dde891e860ce0d02bbc14c1219f28 with commit message 'My first PR commit' into base branch master

Showing logs for build [32mmeta-cb-kubecd-bdd-gh-156750922-zpvs6-1[0m stage [32mmeta-pipeline[0m and container [32mstep-create-effective-pipeline[0m
Deleting and cloning the Jenkins X versions repo
Cloning the Jenkins X versions repo https://github.com/jenkins-x/jenkins-x-versions.git with ref refs/heads/master to /builder/home/.**/jenkins-x-versions
Effective pipeline written to jenkins-x-serverless-jenkins-effective.yml

Showing logs for build [32mmeta-cb-kubecd-bdd-gh-156750922-zpvs6-1[0m stage [32mmeta-pipeline[0m and container [32mstep-create-tekton-crds[0m
PipelineActivity for cb-kubecd-bdd-gh-1567509221-PR-1-1
Applying changes 
upserted PipelineResource cb-kubecd-bdd-gh-1567509221-pr for the git repository https://github.com/cb-kubecd/bdd-gh-1567509221.git
upserted Task cb-kubecd-bdd-gh-1567509221-pr-from-build-pack-1
upserted Pipeline cb-kubecd-bdd-gh-1567509221-pr-1
created PipelineRun cb-kubecd-bdd-gh-1567509221-pr-1
created PipelineStructure cb-kubecd-bdd-gh-1567509221-pr-1

waiting for stage [32mfrom-build-pack[0m : container [32mstep-credential-initializer-544kk[0m to start...


Showing logs for build [32mmeta-cb-kubecd-bdd-gh-156750922-zpvs6-1[0m stage [32mfrom-build-pack[0m and container [32mstep-credential-initializer-544kk[0m
{"level":"warn","ts":1567509491.34407,"logger":"fallback-logger","caller":"logging/config.go:69","msg":"Fetch GitHub commit ID from kodata failed: \"ref: refs/heads/master\" is not a valid GitHub commit ID"}
{"level":"info","ts":1567509491.3461254,"logger":"fallback-logger","caller":"creds-init/main.go:40","msg":"Credentials initialized."}

waiting for stage [32mfrom-build-pack[0m : container [32mstep-working-dir-initializer-tcv74[0m to start...


Showing logs for build [32mmeta-cb-kubecd-bdd-gh-156750922-zpvs6-1[0m stage [32mfrom-build-pack[0m and container [32mstep-working-dir-initializer-tcv74[0m
{"level":"warn","ts":1567509492.2957017,"logger":"fallback-logger","caller":"logging/config.go:69","msg":"Fetch GitHub commit ID from kodata failed: open /var/run/ko/HEAD: no such file or directory"}
{"level":"info","ts":1567509492.2982008,"logger":"fallback-logger","caller":"bash/main.go:65","msg":"Successfully executed command \"mkdir -p /workspace/source /workspace/source/charts/preview\""}

waiting for stage [32mfrom-build-pack[0m : container [32mstep-place-tools[0m to start...


Showing logs for build [32mmeta-cb-kubecd-bdd-gh-156750922-zpvs6-1[0m stage [32mfrom-build-pack[0m and container [32mstep-place-tools[0m

waiting for stage [32mfrom-build-pack[0m : container [32mstep-git-source-cb-kubecd-bdd-gh-1567509221-pr-l89r8[0m to start...


Showing logs for build [32mmeta-cb-kubecd-bdd-gh-156750922-zpvs6-1[0m stage [32mfrom-build-pack[0m and container [32mstep-git-source-cb-kubecd-bdd-gh-1567509221-pr-l89r8[0m
{"level":"warn","ts":1567509528.435279,"logger":"fallback-logger","caller":"logging/config.go:69","msg":"Fetch GitHub commit ID from kodata failed: \"ref: refs/heads/master\" is not a valid GitHub commit ID"}
{"level":"info","ts":1567509529.0290046,"logger":"fallback-logger","caller":"git/git.go:102","msg":"Successfully cloned https://github.com/cb-kubecd/bdd-gh-1567509221.git @ master in path /workspace/source"}

waiting for stage [32mfrom-build-pack[0m : container [32mstep-git-merge[0m to start...


Showing logs for build [32mmeta-cb-kubecd-bdd-gh-156750922-zpvs6-1[0m stage [32mfrom-build-pack[0m and container [32mstep-git-merge[0m
Using SHAs from PULL_REFS=master:d0d6e56d0748095ac4fba9e4bb45d0a5f479b955,1:a1fe6b8eb95dde891e860ce0d02bbc14c1219f28
DEBUG: ran git fetch --unshallow origin a1fe6b8eb95dde891e860ce0d02bbc14c1219f28: d0d6e56d0748095ac4fba9e4bb45d0a5f479b955: in 
DEBUG: ran git checkout master in 
DEBUG: ran git reset --hard d0d6e56d0748095ac4fba9e4bb45d0a5f479b955 in 
DEBUG: ran clean --force -d . in 
DEBUG: ran git merge a1fe6b8eb95dde891e860ce0d02bbc14c1219f28 in 
Merged SHA a1fe6b8eb95dde891e860ce0d02bbc14c1219f28 with commit message 'My first PR commit' into base branch master

waiting for stage [32mfrom-build-pack[0m : container [32mstep-build-make-linux[0m to start...


Showing logs for build [32mmeta-cb-kubecd-bdd-gh-156750922-zpvs6-1[0m stage [32mfrom-build-pack[0m and container [32mstep-build-make-linux[0m
CGO_ENABLED=0 GOOS=linux GOARCH=amd64 GO15VENDOREXPERIMENT=1 go build -ldflags '' -o bin/bdd-gh-1567509221 main.go

waiting for stage [32mfrom-build-pack[0m : container [32mstep-build-container-build[0m to start...


Showing logs for build [32mmeta-cb-kubecd-bdd-gh-156750922-zpvs6-1[0m stage [32mfrom-build-pack[0m and container [32mstep-build-container-build[0m
[36mINFO[0m[0000] No base image, nothing to extract            
[36mINFO[0m[0000] cmd: EXPOSE                                  
[36mINFO[0m[0000] Adding exposed port: 8080/tcp                
[36mINFO[0m[0000] Using files from context: [/workspace/source/bin] 
[36mINFO[0m[0000] Skipping unpacking as no commands require it. 
[36mINFO[0m[0000] Taking snapshot of full filesystem...        
[36mINFO[0m[0000] EXPOSE 8080                                  
[36mINFO[0m[0000] cmd: EXPOSE                                  
[36mINFO[0m[0000] Adding exposed port: 8080/tcp                
[36mINFO[0m[0000] No files changed in this command, skipping snapshotting. 
[36mINFO[0m[0000] ENTRYPOINT ["/bdd-gh-1567509221"]            
[36mINFO[0m[0000] No files changed in this command, skipping snapshotting. 
[36mINFO[0m[0000] Using files from context: [/workspace/source/bin] 
[36mINFO[0m[0000] COPY ./bin/ /                                
[36mINFO[0m[0000] Taking snapshot of files...                  
2019/09/03 11:19:02 pushed blob: sha256:041436858402b45d62af9f4273ad0744105d9abe77568f08b2cc60d6880e8322
2019/09/03 11:19:03 pushed blob: sha256:6d8b0371525daf3fd2d8dc5f2022d35aa56ed90ab44f7615f3ebd9264dab6692
2019/09/03 11:19:05 gcr.io/jenkins-x-bdd2/bdd-gh-1567509221:0.0.0-SNAPSHOT-PR-1-1: digest: sha256:b9d1bbb0565667d158594320d87eb901e558eb331988b1325ecaf0220c7e6a4e size: 428

waiting for stage [32mfrom-build-pack[0m : container [32mstep-postbuild-post-build[0m to start...


Showing logs for build [32mmeta-cb-kubecd-bdd-gh-156750922-zpvs6-1[0m stage [32mfrom-build-pack[0m and container [32mstep-postbuild-post-build[0m
no CVE provider running in the current ** namespace so skip adding image to be analysed

waiting for stage [32mfrom-build-pack[0m : container [32mstep-promote-make-preview[0m to start...


Showing logs for build [32mmeta-cb-kubecd-bdd-gh-156750922-zpvs6-1[0m stage [32mfrom-build-pack[0m and container [32mstep-promote-make-preview[0m
sed -i -e "s/version:.*/version: 0.0.0-SNAPSHOT-PR-1-1/" Chart.yaml
sed -i -e "s/version:.*/version: 0.0.0-SNAPSHOT-PR-1-1/" ../*/Chart.yaml
sed -i -e "s|repository:.*|repository: gcr.io\/jenkins-x-bdd2\/bdd-gh-1567509221|" values.yaml
sed -i -e "s/tag:.*/tag: 0.0.0-SNAPSHOT-PR-1-1/" values.yaml
echo "  version: 0.0.0-SNAPSHOT-PR-1-1" >> requirements.yaml
** step helm build
WARNING: No $CHART_REPOSITORY defined so using the default value of: http://jenkins-x-chartmuseum:8080
Adding missing Helm repo: storage.googleapis.com https://storage.googleapis.com/chartmuseum.jenkins-x.io
Successfully added Helm repository storage.googleapis.com.
Adding missing Helm repo: jenkins-x-chartmuseum http://jenkins-x-chartmuseum:8080
Successfully added Helm repository jenkins-x-chartmuseum.
WARNING: No $CHART_REPOSITORY defined so using the default value of: http://jenkins-x-chartmuseum:8080
Adding missing Helm repo: chartmuseum.jenkins-x.io http://chartmuseum.jenkins-x.io
Successfully added Helm repository chartmuseum.jenkins-x.io.

waiting for stage [32mfrom-build-pack[0m : container [32mstep-promote-jx-preview[0m to start...


Showing logs for build [32mmeta-cb-kubecd-bdd-gh-156750922-zpvs6-1[0m stage [32mfrom-build-pack[0m and container [32mstep-promote-jx-preview[0m
Creating a preview
WARNING: No author for commit: a1fe6b8eb95dde891e860ce0d02bbc14c1219f28
Created environment cb-kubecd-bdd-gh-1567509221-pr-1
Namespace **-cb-kubecd-bdd-gh-1567509221-pr-1 created 
expose:
  Annotations:
    helm.sh/hook: post-install,post-upgrade
    helm.sh/hook-delete-policy: hook-succeeded
  config:
    domain: 34.77.84.161.nip.io
    exposer: Ingress
    http: "true"
preview:
  image:
    repository: gcr.io/jenkins-x-bdd2/bdd-gh-1567509221
    tag: 0.0.0-SNAPSHOT-PR-1-1
Deleting and cloning the Jenkins X versions repo
Cloning the Jenkins X versions repo https://github.com/jenkins-x/jenkins-x-versions.git with ref refs/heads/master to /builder/home/.**/jenkins-x-versions


Updating PipelineActivities cb-kubecd-bdd-gh-1567509221-pr-1-1 which has status Running
Preview application is now available at: http://bdd-gh-1567509221.**-cb-kubecd-bdd-gh-1567509221-pr-1.34.77.84.161.nip.io
