
Showing logs for build [32mcb-kubecd-bdd-gh-1567509221-mas-1[0m stage [32mmeta-pipeline[0m and container [32mstep-credential-initializer-q64jq[0m
{"level":"warn","ts":1567509240.0699327,"logger":"fallback-logger","caller":"logging/config.go:69","msg":"Fetch GitHub commit ID from kodata failed: \"ref: refs/heads/master\" is not a valid GitHub commit ID"}
{"level":"info","ts":1567509240.0708578,"logger":"fallback-logger","caller":"creds-init/main.go:40","msg":"Credentials initialized."}

Showing logs for build [32mcb-kubecd-bdd-gh-1567509221-mas-1[0m stage [32mmeta-pipeline[0m and container [32mstep-working-dir-initializer-v2lm9[0m
{"level":"warn","ts":1567509240.7229261,"logger":"fallback-logger","caller":"logging/config.go:69","msg":"Fetch GitHub commit ID from kodata failed: open /var/run/ko/HEAD: no such file or directory"}
{"level":"info","ts":1567509240.7241042,"logger":"fallback-logger","caller":"bash/main.go:65","msg":"Successfully executed command \"mkdir -p /workspace/source\""}

Showing logs for build [32mcb-kubecd-bdd-gh-1567509221-mas-1[0m stage [32mmeta-pipeline[0m and container [32mstep-place-tools[0m

Showing logs for build [32mcb-kubecd-bdd-gh-1567509221-mas-1[0m stage [32mmeta-pipeline[0m and container [32mstep-git-source-meta-cb-kubecd-bdd-gh-156750922-89k6r[0m
{"level":"warn","ts":1567509244.8108685,"logger":"fallback-logger","caller":"logging/config.go:69","msg":"Fetch GitHub commit ID from kodata failed: \"ref: refs/heads/master\" is not a valid GitHub commit ID"}
{"level":"info","ts":1567509245.4470577,"logger":"fallback-logger","caller":"git/git.go:102","msg":"Successfully cloned https://github.com/cb-kubecd/bdd-gh-1567509221.git @ d0d6e56d0748095ac4fba9e4bb45d0a5f479b955 in path /workspace/source"}

Showing logs for build [32mcb-kubecd-bdd-gh-1567509221-mas-1[0m stage [32mmeta-pipeline[0m and container [32mstep-git-merge[0m
Using SHAs from PULL_REFS=master:d0d6e56d0748095ac4fba9e4bb45d0a5f479b955
WARNING: no SHAs to merge, falling back to initial cloned commit

Showing logs for build [32mcb-kubecd-bdd-gh-1567509221-mas-1[0m stage [32mmeta-pipeline[0m and container [32mstep-merge-pull-refs[0m
SKIP merge-pull-refs: Nothing to merge

Showing logs for build [32mcb-kubecd-bdd-gh-1567509221-mas-1[0m stage [32mmeta-pipeline[0m and container [32mstep-create-effective-pipeline[0m
Deleting and cloning the Jenkins X versions repo
Cloning the Jenkins X versions repo https://github.com/jenkins-x/jenkins-x-versions.git with ref refs/heads/master to /builder/home/.**/jenkins-x-versions
Effective pipeline written to jenkins-x-effective.yml

Showing logs for build [32mcb-kubecd-bdd-gh-1567509221-mas-1[0m stage [32mmeta-pipeline[0m and container [32mstep-create-tekton-crds[0m
running command: echo \$(**-release-version) > VERSION

running command: ** step tag --version \$(cat VERSION)
Updating chart version in charts/bdd-gh-1567509221/Chart.yaml to 0.0.1
Updating repository in charts/bdd-gh-1567509221/values.yaml to gcr.io/jenkins-x-bdd2/bdd-gh-1567509221
Updating tag in charts/bdd-gh-1567509221/values.yaml to 0.0.1
Tag v0.0.1 created and pushed to remote origin

PipelineActivity for cb-kubecd-bdd-gh-1567509221-master-1
Applying changes 
upserted PipelineResource cb-kubecd-bdd-gh-1567509221-mas for the git repository https://github.com/cb-kubecd/bdd-gh-1567509221.git
upserted Task cb-kubecd-bdd-gh-1567509221-mas-from-build-pack-1
upserted Pipeline cb-kubecd-bdd-gh-1567509221-mas-1
created PipelineRun cb-kubecd-bdd-gh-1567509221-mas-1
created PipelineStructure cb-kubecd-bdd-gh-1567509221-mas-1

Showing logs for build [32mcb-kubecd-bdd-gh-1567509221-mas-1[0m stage [32mfrom-build-pack[0m and container [32mstep-credential-initializer-snmfl[0m
{"level":"warn","ts":1567509256.778541,"logger":"fallback-logger","caller":"logging/config.go:69","msg":"Fetch GitHub commit ID from kodata failed: \"ref: refs/heads/master\" is not a valid GitHub commit ID"}
{"level":"info","ts":1567509256.781746,"logger":"fallback-logger","caller":"creds-init/main.go:40","msg":"Credentials initialized."}

Showing logs for build [32mcb-kubecd-bdd-gh-1567509221-mas-1[0m stage [32mfrom-build-pack[0m and container [32mstep-working-dir-initializer-rzjqr[0m
{"level":"warn","ts":1567509257.9995415,"logger":"fallback-logger","caller":"logging/config.go:69","msg":"Fetch GitHub commit ID from kodata failed: open /var/run/ko/HEAD: no such file or directory"}
{"level":"info","ts":1567509258.000877,"logger":"fallback-logger","caller":"bash/main.go:65","msg":"Successfully executed command \"mkdir -p /workspace/source /workspace/source/charts/bdd-gh-1567509221\""}

Showing logs for build [32mcb-kubecd-bdd-gh-1567509221-mas-1[0m stage [32mfrom-build-pack[0m and container [32mstep-place-tools[0m

Showing logs for build [32mcb-kubecd-bdd-gh-1567509221-mas-1[0m stage [32mfrom-build-pack[0m and container [32mstep-git-source-cb-kubecd-bdd-gh-1567509221-mas-8qm44[0m
{"level":"warn","ts":1567509299.09287,"logger":"fallback-logger","caller":"logging/config.go:69","msg":"Fetch GitHub commit ID from kodata failed: \"ref: refs/heads/master\" is not a valid GitHub commit ID"}
{"level":"info","ts":1567509299.7034655,"logger":"fallback-logger","caller":"git/git.go:102","msg":"Successfully cloned https://github.com/cb-kubecd/bdd-gh-1567509221.git @ v0.0.1 in path /workspace/source"}

Showing logs for build [32mcb-kubecd-bdd-gh-1567509221-mas-1[0m stage [32mfrom-build-pack[0m and container [32mstep-git-merge[0m
Using SHAs from PULL_REFS=master:d0d6e56d0748095ac4fba9e4bb45d0a5f479b955
WARNING: no SHAs to merge, falling back to initial cloned commit

Showing logs for build [32mcb-kubecd-bdd-gh-1567509221-mas-1[0m stage [32mfrom-build-pack[0m and container [32mstep-setup-jx-git-credentials[0m
Generated Git credentials file /workspace/xdg_config/git/credentials

Showing logs for build [32mcb-kubecd-bdd-gh-1567509221-mas-1[0m stage [32mfrom-build-pack[0m and container [32mstep-build-make-build[0m
CGO_ENABLED=0 GO15VENDOREXPERIMENT=1 go build -ldflags '' -o bin/bdd-gh-1567509221 main.go

Showing logs for build [32mcb-kubecd-bdd-gh-1567509221-mas-1[0m stage [32mfrom-build-pack[0m and container [32mstep-build-container-build[0m
[36mINFO[0m[0000] No base image, nothing to extract            
[36mINFO[0m[0000] cmd: EXPOSE                                  
[36mINFO[0m[0000] Adding exposed port: 8080/tcp                
[36mINFO[0m[0000] Using files from context: [/workspace/source/bin] 
[36mINFO[0m[0000] Skipping unpacking as no commands require it. 
[36mINFO[0m[0000] Taking snapshot of full filesystem...        
[36mINFO[0m[0000] EXPOSE 8080                                  
[36mINFO[0m[0000] cmd: EXPOSE                                  
[36mINFO[0m[0000] Adding exposed port: 8080/tcp                
[36mINFO[0m[0000] No files changed in this command, skipping snapshotting. 
[36mINFO[0m[0000] ENTRYPOINT ["/bdd-gh-1567509221"]            
[36mINFO[0m[0000] No files changed in this command, skipping snapshotting. 
[36mINFO[0m[0000] Using files from context: [/workspace/source/bin] 
[36mINFO[0m[0000] COPY ./bin/ /                                
[36mINFO[0m[0000] Taking snapshot of files...                  
2019/09/03 11:15:12 pushed blob: sha256:ec46ca0cdc4f64f6612df64d37da35889355cfa5c1c0e0016dfc03ed5fcce3e9
2019/09/03 11:15:17 pushed blob: sha256:ae4cd31335876e720e9663be63cebf279c2fbece1bd1dc54f038e7bba70a66cc
2019/09/03 11:15:19 gcr.io/jenkins-x-bdd2/bdd-gh-1567509221:0.0.1: digest: sha256:625fbaf58bf0effdb7b0df17337f94582440f6611ae55672648e86087654d461 size: 428

Showing logs for build [32mcb-kubecd-bdd-gh-1567509221-mas-1[0m stage [32mfrom-build-pack[0m and container [32mstep-build-post-build[0m
no CVE provider running in the current ** namespace so skip adding image to be analysed

Showing logs for build [32mcb-kubecd-bdd-gh-1567509221-mas-1[0m stage [32mfrom-build-pack[0m and container [32mstep-promote-changelog[0m
Converted /workspace/source/charts/bdd-gh-1567509221 to an unshallow repository
no previous commit version found so change diff unavailable

Showing logs for build [32mcb-kubecd-bdd-gh-1567509221-mas-1[0m stage [32mfrom-build-pack[0m and container [32mstep-promote-helm-release[0m
WARNING: No $CHART_REPOSITORY defined so using the default value of: http://jenkins-x-chartmuseum:8080
Adding missing Helm repo: storage.googleapis.com https://storage.googleapis.com/chartmuseum.jenkins-x.io
Successfully added Helm repository storage.googleapis.com.
Adding missing Helm repo: jenkins-x-chartmuseum http://jenkins-x-chartmuseum:8080
Successfully added Helm repository jenkins-x-chartmuseum.
WARNING: No $CHART_REPOSITORY defined so using the default value of: http://jenkins-x-chartmuseum:8080
Uploading chart file bdd-gh-1567509221-0.0.1.tgz to http://jenkins-x-chartmuseum:8080/api/charts
Received 201 response: {"saved":true}

Showing logs for build [32mcb-kubecd-bdd-gh-1567509221-mas-1[0m stage [32mfrom-build-pack[0m and container [32mstep-promote-jx-promote[0m
WARNING: prow based install so skip waiting for the merge of Pull Requests to go green as currently there is an issue with gettingstatuses from the PR, see https://github.com/jenkins-x/**/issues/2410
Promoting app bdd-gh-1567509221 version 0.0.1 to namespace **-staging
Created Pull Request: https://github.com/cb-kubecd/environment-batch-65-tekton-gkebdd-staging/pull/2
Added label  to Pull Request https://github.com/cb-kubecd/environment-batch-65-tekton-gkebdd-staging/pull/2
Pull Request https://github.com/cb-kubecd/environment-batch-65-tekton-gkebdd-staging/pull/2 is merged at sha 7ba638e8e653e7530a05225ca6c75eae6f3cf72b
Pull Request merged but we are not waiting for the update pipeline to complete!
WARNING: Could not find the service URL in namespace **-staging for names bdd-gh-1567509221, **-bdd-gh-1567509221, **-staging-bdd-gh-1567509221
